<?xml version="1.0" encoding="UTF-8"?>
<testng-results ignored="0" total="1" passed="1" failed="0" skipped="0">
  <reporter-output>
  </reporter-output>
  <suite started-at="2023-05-08T15:21:23 IST" name="Default suite" finished-at="2023-05-08T15:21:33 IST" duration-ms="9609">
    <groups>
    </groups>
    <test started-at="2023-05-08T15:21:23 IST" name="Default test" finished-at="2023-05-08T15:21:33 IST" duration-ms="9609">
      <class name="com.testvagrant.PlayList">
        <test-method signature="testvagrantCodingTest()[pri:0, instance:com.testvagrant.PlayList@d6e7bab]" started-at="2023-05-08T15:21:23 IST" name="testvagrantCodingTest" finished-at="2023-05-08T15:21:33 IST" duration-ms="9551" status="PASS">
          <reporter-output>
          </reporter-output>
        </test-method> <!-- testvagrantCodingTest -->
      </class> <!-- com.testvagrant.PlayList -->
    </test> <!-- Default test -->
  </suite> <!-- Default suite -->
</testng-results>
